<?xml version="1.0" encoding="UTF-8"?>
<!-- Generated by org.testng.reporters.JUnitXMLReporter -->
<testsuite ignored="0" hostname="192.168.1.7" failures="0" tests="29" name="restassuredtests" time="19.965" errors="0" timestamp="2022-12-30T17:45:55 IST">
  <testcase classname="com.employeeApi.testCases.TC_001_employeeApi" name="checkContentEncoding" time="0.013"/>
  <testcase classname="com.employeeApi.testCases.TC_001_employeeApi" name="checkContentType" time="0.006"/>
  <testcase classname="com.employeeApi.testCases.TC_001_employeeApi" name="checkCookiesh" time="0.003"/>
  <testcase classname="com.employeeApi.testCases.TC_001_employeeApi" name="checkResponseBody" time="0.04"/>
  <testcase classname="com.employeeApi.testCases.TC_001_employeeApi" name="checkServerType" time="0.003"/>
  <testcase classname="com.employeeApi.testCases.TC_001_employeeApi" name="checkStatusLine" time="0.004"/>
  <testcase classname="com.employeeApi.testCases.TC_001_employeeApi" name="checkresponseTime" time="0.012"/>
  <testcase classname="com.employeeApi.testCases.TC_002_singleEmp" name="checkContentType" time="0.003"/>
  <testcase classname="com.employeeApi.testCases.TC_002_singleEmp" name="checkCookiesh" time="0.002"/>
  <testcase classname="com.employeeApi.testCases.TC_002_singleEmp" name="checkResponseBody" time="0.005"/>
  <testcase classname="com.employeeApi.testCases.TC_002_singleEmp" name="checkServerType" time="0.005"/>
  <testcase classname="com.employeeApi.testCases.TC_002_singleEmp" name="checkStatusCode" time="0.002"/>
  <testcase classname="com.employeeApi.testCases.TC_002_singleEmp" name="checkresponseTime" time="0.007"/>
  <testcase classname="com.employeeApi.testCases.TC_003_newEmployee" name="checkContentType" time="0.008"/>
  <testcase classname="com.employeeApi.testCases.TC_003_newEmployee" name="checkCookiesh" time="0.002"/>
  <testcase classname="com.employeeApi.testCases.TC_003_newEmployee" name="checkResponseBody" time="0.009"/>
  <testcase classname="com.employeeApi.testCases.TC_003_newEmployee" name="checkServerType" time="0.003"/>
  <testcase classname="com.employeeApi.testCases.TC_003_newEmployee" name="checkStatusLine" time="0.005"/>
  <testcase classname="com.employeeApi.testCases.TC_003_newEmployee" name="checkresponseTime" time="0.007"/>
  <testcase classname="com.employeeApi.testCases.TC_004_UpdateEmp_Put" name="checkContentType" time="0.005"/>
  <testcase classname="com.employeeApi.testCases.TC_004_UpdateEmp_Put" name="checkCookiesh" time="0.003"/>
  <testcase classname="com.employeeApi.testCases.TC_004_UpdateEmp_Put" name="checkResponseBody" time="0.003"/>
  <testcase classname="com.employeeApi.testCases.TC_004_UpdateEmp_Put" name="checkServerType" time="0.007"/>
  <testcase classname="com.employeeApi.testCases.TC_004_UpdateEmp_Put" name="checkStatusLine" time="0.003"/>
  <testcase classname="com.employeeApi.testCases.TC_004_UpdateEmp_Put" name="checkresponseTime" time="0.003"/>
  <testcase classname="com.employeeApi.testCases.TC_005_DeleteEmp" name="checkContentType" time="0.004"/>
  <testcase classname="com.employeeApi.testCases.TC_005_DeleteEmp" name="checkResponseBody" time="0.004"/>
  <testcase classname="com.employeeApi.testCases.TC_005_DeleteEmp" name="checkServerType" time="0.003"/>
  <testcase classname="com.employeeApi.testCases.TC_005_DeleteEmp" name="checkStatusLine" time="0.003"/>
</testsuite> <!-- restassuredtests -->
