<?xml version="1.0" encoding="UTF-8"?>
<!-- Generated by org.testng.reporters.JUnitXMLReporter -->
<testsuite ignored="0" hostname="192.168.1.7" failures="0" tests="4" name="Default test" time="4.0" errors="0" timestamp="2022-12-30T16:31:25 IST">
  <testcase classname="com.employeeApi.testCases.TC_005_DeleteEmp" name="checkContentType" time="0.02"/>
  <testcase classname="com.employeeApi.testCases.TC_005_DeleteEmp" name="checkResponseBody" time="0.004"/>
  <testcase classname="com.employeeApi.testCases.TC_005_DeleteEmp" name="checkServerType" time="0.009"/>
  <testcase classname="com.employeeApi.testCases.TC_005_DeleteEmp" name="checkStatusLine" time="0.004"/>
</testsuite> <!-- Default test -->
